[0.016s] Invoking command in '/home/niuniu/DT46_RM_Sentry/build/livox_ros_driver2': CMAKE_PREFIX_PATH=${CMAKE_PREFIX_PATH}:/opt/ros/humble /usr/bin/cmake /home/niuniu/DT46_RM_Sentry/src/livox_ros_driver2 -DROS_EDITION=ROS2 -DHUMBLE_ROS=humble -DCMAKE_INSTALL_PREFIX=/home/niuniu/DT46_RM_Sentry/install/livox_ros_driver2
[0.372s] -- The C compiler identification is GNU 11.4.0
[0.429s] -- The CXX compiler identification is GNU 11.4.0
[0.444s] -- Detecting C compiler ABI info
[0.555s] -- Detecting C compiler ABI info - done
[0.560s] -- Check for working C compiler: /usr/bin/cc - skipped
[0.561s] -- Detecting C compile features
[0.562s] -- Detecting C compile features - done
[0.564s] -- Detecting CXX compiler ABI info
[0.640s] -- Detecting CXX compiler ABI info - done
[0.644s] -- Check for working CXX compiler: /usr/bin/c++ - skipped
[0.645s] -- Detecting CXX compile features
[0.645s] -- Detecting CXX compile features - done
[0.648s] -- livox_ros_driver2 version: 1.2.4
[0.649s] -- Found ament_cmake_auto: 1.3.11 (/opt/ros/humble/share/ament_cmake_auto/cmake)
[0.777s] -- Found Python3: /usr/bin/python3 (found version "3.10.12") found components: Interpreter 
[1.033s] -- Using all available rosidl_typesupport_c: rosidl_typesupport_fastrtps_c;rosidl_typesupport_introspection_c
[1.042s] -- Found rosidl_adapter: 3.1.6 (/opt/ros/humble/share/rosidl_adapter/cmake)
[1.117s] -- Using all available rosidl_typesupport_cpp: rosidl_typesupport_fastrtps_cpp;rosidl_typesupport_introspection_cpp
[1.253s] -- Found rmw_implementation_cmake: 6.1.2 (/opt/ros/humble/share/rmw_implementation_cmake/cmake)
[1.259s] -- Found rmw_fastrtps_cpp: 6.2.7 (/opt/ros/humble/share/rmw_fastrtps_cpp/cmake)
[1.392s] -- Found OpenSSL: /usr/lib/x86_64-linux-gnu/libcrypto.so (found version "3.0.2")  
[1.447s] -- Found FastRTPS: /opt/ros/humble/include  
[1.527s] -- Using RMW implementation 'rmw_fastrtps_cpp' as default
[1.555s] -- Looking for pthread.h
[1.807s] -- Looking for pthread.h - found
[1.808s] -- Performing Test CMAKE_HAVE_LIBC_PTHREAD
[2.114s] -- Performing Test CMAKE_HAVE_LIBC_PTHREAD - Success
[2.115s] -- Found Threads: TRUE  
[2.336s] -- Checking for module 'eigen3'
[2.381s] --   Found eigen3, version 3.4.0
[2.504s] -- Found Eigen: /usr/include/eigen3 (Required is at least version "3.1") 
[2.505s] -- Eigen found (include: /usr/include/eigen3, version: 3.4.0)
[2.585s] -- Checking for module 'flann'
[2.636s] --   Found flann, version 1.9.1
[2.781s] -- Found FLANN: /usr/lib/x86_64-linux-gnu/libflann_cpp.so  
[2.781s] -- FLANN found (include: /usr/include, lib: /usr/lib/x86_64-linux-gnu/libflann_cpp.so)
[6.645s] -- Checking for module 'libusb-1.0'
[6.662s] --   Found libusb-1.0, version 1.0.25
[6.704s] -- Found libusb: /usr/lib/x86_64-linux-gnu/libusb-1.0.so  
[6.706s] -- OpenNI found (version: 1.5.4.0, include: /usr/include/ni, lib: /usr/lib/libOpenNI.so;libusb::libusb)
[6.811s] -- OpenNI2 found (version: 2.2.0.33, include: /usr/include/openni2, lib: /usr/lib/x86_64-linux-gnu/libOpenNI2.so;libusb::libusb)
[7.137s] -- Eigen found (include: /usr/include/eigen3, version: 3.4.0)
[7.144s] -- OpenNI found (version: 1.5.4.0, include: /usr/include/ni, lib: /usr/lib/libOpenNI.so;libusb::libusb)
[7.153s] -- OpenNI2 found (version: 2.2.0.33, include: /usr/include/openni2, lib: /usr/lib/x86_64-linux-gnu/libOpenNI2.so;libusb::libusb)
[7.420s] -- Found Qhull version 8.0.2
[7.710s] -- OpenNI found (version: 1.5.4.0, include: /usr/include/ni, lib: /usr/lib/libOpenNI.so;libusb::libusb)
[7.937s] -- Found PCL_COMMON: /usr/lib/x86_64-linux-gnu/libpcl_common.so  
[7.940s] -- Found PCL_KDTREE: /usr/lib/x86_64-linux-gnu/libpcl_kdtree.so  
[7.942s] -- Found PCL_OCTREE: /usr/lib/x86_64-linux-gnu/libpcl_octree.so  
[7.946s] -- Found PCL_SEARCH: /usr/lib/x86_64-linux-gnu/libpcl_search.so  
[7.946s] -- Found PCL_SAMPLE_CONSENSUS: /usr/lib/x86_64-linux-gnu/libpcl_sample_consensus.so  
[7.951s] -- Found PCL_FILTERS: /usr/lib/x86_64-linux-gnu/libpcl_filters.so  
[7.951s] -- Found PCL_2D: /usr/include/pcl-1.12  
[7.951s] -- Found PCL_GEOMETRY: /usr/include/pcl-1.12  
[7.951s] -- Found PCL_IO: /usr/lib/x86_64-linux-gnu/libpcl_io.so  
[7.962s] -- Found PCL_FEATURES: /usr/lib/x86_64-linux-gnu/libpcl_features.so  
[7.962s] -- Found PCL_ML: /usr/lib/x86_64-linux-gnu/libpcl_ml.so  
[7.962s] -- Found PCL_SEGMENTATION: /usr/lib/x86_64-linux-gnu/libpcl_segmentation.so  
[7.962s] -- Found PCL_VISUALIZATION: /usr/lib/x86_64-linux-gnu/libpcl_visualization.so  
[7.965s] -- Found PCL_SURFACE: /usr/lib/x86_64-linux-gnu/libpcl_surface.so  
[7.966s] -- Found PCL_REGISTRATION: /usr/lib/x86_64-linux-gnu/libpcl_registration.so  
[7.966s] -- Found PCL_KEYPOINTS: /usr/lib/x86_64-linux-gnu/libpcl_keypoints.so  
[7.966s] -- Found PCL_TRACKING: /usr/lib/x86_64-linux-gnu/libpcl_tracking.so  
[7.967s] -- Found PCL_RECOGNITION: /usr/lib/x86_64-linux-gnu/libpcl_recognition.so  
[7.972s] -- Found PCL_STEREO: /usr/lib/x86_64-linux-gnu/libpcl_stereo.so  
[7.973s] -- Found PCL_APPS: /usr/lib/x86_64-linux-gnu/libpcl_apps.so  
[7.973s] -- Found PCL_IN_HAND_SCANNER: /usr/include/pcl-1.12  
[7.973s] -- Found PCL_MODELER: /usr/include/pcl-1.12  
[7.974s] -- Found PCL_POINT_CLOUD_EDITOR: /usr/include/pcl-1.12  
[7.975s] -- Found PCL_OUTOFCORE: /usr/lib/x86_64-linux-gnu/libpcl_outofcore.so  
[7.979s] -- Found PCL_PEOPLE: /usr/lib/x86_64-linux-gnu/libpcl_people.so  
[8.098s] -- Found PkgConfig: /usr/bin/pkg-config (found version "0.29.2") 
[8.099s] -- Checking for module 'apr-1'
[8.139s] --   Found apr-1, version 1.7.0
[8.771s] -- Found ament_cmake_ros: 0.10.0 (/opt/ros/humble/share/ament_cmake_ros/cmake)
[9.240s] -- Using all available rosidl_typesupport_c: rosidl_typesupport_fastrtps_c;rosidl_typesupport_introspection_c
[9.735s] -- Using all available rosidl_typesupport_cpp: rosidl_typesupport_fastrtps_cpp;rosidl_typesupport_introspection_cpp
[9.808s] -- Found PythonInterp: /usr/bin/python3 (found suitable version "3.10.12", minimum required is "3.6") 
[9.812s] -- Found python_cmake_module: 0.10.0 (/opt/ros/humble/share/python_cmake_module/cmake)
[9.874s] -- Found PythonLibs: /usr/lib/x86_64-linux-gnu/libpython3.10.so (found suitable version "3.10.12", minimum required is "3.5") 
[9.878s] -- Using PYTHON_EXECUTABLE: /usr/bin/python3
[9.878s] -- Using PYTHON_INCLUDE_DIRS: /usr/include/python3.10
[9.878s] -- Using PYTHON_LIBRARIES: /usr/lib/x86_64-linux-gnu/libpython3.10.so
[9.931s] -- Found PythonExtra: .so  
[10.036s] [31mCMake Error at CMakeLists.txt:172 (add_dependencies):
[10.037s]   Cannot add target-level dependencies to non-existent target
[10.037s]   "livox_ros_driver2".
[10.037s] 
[10.037s]   The add_dependencies works for top-level logical targets created by the
[10.037s]   add_executable, add_library, or add_custom_target commands.  If you want to
[10.037s]   add file-level dependencies see the DEPENDS option of the add_custom_target
[10.037s]   and add_custom_command commands.
[10.037s] 
[10.037s] [0m
[10.052s] [31mCMake Error at CMakeLists.txt:214 (target_link_libraries):
[10.052s]   The plain signature for target_link_libraries has already been used with
[10.052s]   the target "livox_ros_driver2".  All uses of target_link_libraries with a
[10.052s]   target must be either all-keyword or all-plain.
[10.052s] 
[10.052s]   The uses of the plain signature are here:
[10.052s] 
[10.052s]    * /opt/ros/humble/share/ament_cmake_target_dependencies/cmake/ament_target_dependencies.cmake:145 (target_link_libraries)
[10.052s]    * /opt/ros/humble/share/ament_cmake_target_dependencies/cmake/ament_target_dependencies.cmake:151 (target_link_libraries)
[10.052s] 
[10.052s] 
[10.053s] [0m
[10.058s] -- Found ament_lint_auto: 0.12.12 (/opt/ros/humble/share/ament_lint_auto/cmake)
[10.130s] -- Added test 'copyright' to check source files copyright and LICENSE
[10.174s] -- Added test 'cppcheck' to perform static code analysis on C / C++ code
[10.174s] -- Configured cppcheck include dirs: /home/niuniu/DT46_RM_Sentry/src/livox_ros_driver2/3rdparty;/home/niuniu/DT46_RM_Sentry/src/livox_ros_driver2/src
[10.175s] -- Configured cppcheck exclude dirs and/or files: 
[10.184s] -- Added test 'cpplint' to check C / C++ code against the Google style
[10.184s] -- Configured cpplint exclude dirs and/or files: 
[10.186s] -- Added test 'flake8' to check Python code syntax and style conventions
[10.190s] -- Added test 'lint_cmake' to check CMake code style
[10.192s] -- Added test 'pep257' to check Python code against some of the docstring style conventions in PEP 257
[10.206s] -- Added test 'uncrustify' to check C / C++ code style
[10.206s] -- Configured uncrustify additional arguments: 
[10.208s] -- Added test 'xmllint' to check XML markup files
[10.215s] -- Configuring incomplete, errors occurred!
[10.215s] See also "/home/niuniu/DT46_RM_Sentry/build/livox_ros_driver2/CMakeFiles/CMakeOutput.log".
[10.316s] Invoked command in '/home/niuniu/DT46_RM_Sentry/build/livox_ros_driver2' returned '1': CMAKE_PREFIX_PATH=${CMAKE_PREFIX_PATH}:/opt/ros/humble /usr/bin/cmake /home/niuniu/DT46_RM_Sentry/src/livox_ros_driver2 -DROS_EDITION=ROS2 -DHUMBLE_ROS=humble -DCMAKE_INSTALL_PREFIX=/home/niuniu/DT46_RM_Sentry/install/livox_ros_driver2
