[0.017s] Invoking command in '/home/niuniu/DT46_RM_Sentry/build/livox_ros_driver2': CMAKE_PREFIX_PATH=${CMAKE_PREFIX_PATH}:/opt/ros/humble /usr/bin/cmake /home/niuniu/DT46_RM_Sentry/src/livox_ros_driver2 -DROS_EDITION=ROS2 -DHUMBLE_ROS=humble -DCMAKE_INSTALL_PREFIX=/home/niuniu/DT46_RM_Sentry/install/livox_ros_driver2
[0.165s] -- The CXX compiler identification is GNU 11.4.0
[0.190s] -- Detecting CXX compiler ABI info
[0.276s] -- Detecting CXX compiler ABI info - done
[0.280s] -- Check for working CXX compiler: /usr/bin/c++ - skipped
[0.281s] -- Detecting CXX compile features
[0.284s] -- Detecting CXX compile features - done
[0.290s] -- Found ament_cmake_auto: 1.3.11 (/opt/ros/humble/share/ament_cmake_auto/cmake)
[0.454s] -- Found Python3: /usr/bin/python3 (found version "3.10.12") found components: Interpreter 
[0.672s] -- Using all available rosidl_typesupport_c: rosidl_typesupport_fastrtps_c;rosidl_typesupport_introspection_c
[0.691s] -- Found rosidl_adapter: 3.1.6 (/opt/ros/humble/share/rosidl_adapter/cmake)
[0.807s] -- Using all available rosidl_typesupport_cpp: rosidl_typesupport_fastrtps_cpp;rosidl_typesupport_introspection_cpp
[1.055s] -- Found rmw_implementation_cmake: 6.1.2 (/opt/ros/humble/share/rmw_implementation_cmake/cmake)
[1.066s] -- Found rmw_fastrtps_cpp: 6.2.7 (/opt/ros/humble/share/rmw_fastrtps_cpp/cmake)
[1.317s] -- Found OpenSSL: /usr/lib/x86_64-linux-gnu/libcrypto.so (found version "3.0.2")  
[1.368s] -- Found FastRTPS: /opt/ros/humble/include  
[1.447s] -- Using RMW implementation 'rmw_fastrtps_cpp' as default
[1.476s] -- Looking for C++ include pthread.h
[1.716s] -- Looking for C++ include pthread.h - found
[1.717s] -- Performing Test CMAKE_HAVE_LIBC_PTHREAD
[2.008s] -- Performing Test CMAKE_HAVE_LIBC_PTHREAD - Success
[2.012s] -- Found Threads: TRUE  
[2.577s] -- Checking for module 'eigen3'
[2.651s] --   Found eigen3, version 3.4.0
[2.790s] -- Found Eigen: /usr/include/eigen3 (Required is at least version "3.1") 
[2.790s] -- Eigen found (include: /usr/include/eigen3, version: 3.4.0)
[3.003s] -- Checking for module 'flann'
[3.058s] --   Found flann, version 1.9.1
[3.181s] -- Found FLANN: /usr/lib/x86_64-linux-gnu/libflann_cpp.so  
[3.182s] -- FLANN found (include: /usr/include, lib: /usr/lib/x86_64-linux-gnu/libflann_cpp.so)
[6.883s] -- Checking for module 'libusb-1.0'
[6.923s] --   Found libusb-1.0, version 1.0.25
[7.042s] -- Found libusb: /usr/lib/x86_64-linux-gnu/libusb-1.0.so  
[7.047s] -- OpenNI found (version: 1.5.4.0, include: /usr/include/ni, lib: /usr/lib/libOpenNI.so;libusb::libusb)
[7.253s] -- OpenNI2 found (version: 2.2.0.33, include: /usr/include/openni2, lib: /usr/lib/x86_64-linux-gnu/libOpenNI2.so;libusb::libusb)
[7.593s] -- Eigen found (include: /usr/include/eigen3, version: 3.4.0)
[7.614s] -- OpenNI found (version: 1.5.4.0, include: /usr/include/ni, lib: /usr/lib/libOpenNI.so;libusb::libusb)
[7.633s] -- OpenNI2 found (version: 2.2.0.33, include: /usr/include/openni2, lib: /usr/lib/x86_64-linux-gnu/libOpenNI2.so;libusb::libusb)
[7.923s] -- Found Qhull version 8.0.2
[8.071s] -- OpenNI found (version: 1.5.4.0, include: /usr/include/ni, lib: /usr/lib/libOpenNI.so;libusb::libusb)
[8.187s] -- Found PCL_COMMON: /usr/lib/x86_64-linux-gnu/libpcl_common.so  
[8.189s] -- Found PCL_KDTREE: /usr/lib/x86_64-linux-gnu/libpcl_kdtree.so  
[8.193s] -- Found PCL_OCTREE: /usr/lib/x86_64-linux-gnu/libpcl_octree.so  
[8.195s] -- Found PCL_SEARCH: /usr/lib/x86_64-linux-gnu/libpcl_search.so  
[8.198s] -- Found PCL_SAMPLE_CONSENSUS: /usr/lib/x86_64-linux-gnu/libpcl_sample_consensus.so  
[8.198s] -- Found PCL_FILTERS: /usr/lib/x86_64-linux-gnu/libpcl_filters.so  
[8.199s] -- Found PCL_2D: /usr/include/pcl-1.12  
[8.200s] -- Found PCL_GEOMETRY: /usr/include/pcl-1.12  
[8.201s] -- Found PCL_IO: /usr/lib/x86_64-linux-gnu/libpcl_io.so  
[8.203s] -- Found PCL_FEATURES: /usr/lib/x86_64-linux-gnu/libpcl_features.so  
[8.204s] -- Found PCL_ML: /usr/lib/x86_64-linux-gnu/libpcl_ml.so  
[8.205s] -- Found PCL_SEGMENTATION: /usr/lib/x86_64-linux-gnu/libpcl_segmentation.so  
[8.206s] -- Found PCL_VISUALIZATION: /usr/lib/x86_64-linux-gnu/libpcl_visualization.so  
[8.207s] -- Found PCL_SURFACE: /usr/lib/x86_64-linux-gnu/libpcl_surface.so  
[8.208s] -- Found PCL_REGISTRATION: /usr/lib/x86_64-linux-gnu/libpcl_registration.so  
[8.210s] -- Found PCL_KEYPOINTS: /usr/lib/x86_64-linux-gnu/libpcl_keypoints.so  
[8.211s] -- Found PCL_TRACKING: /usr/lib/x86_64-linux-gnu/libpcl_tracking.so  
[8.211s] -- Found PCL_RECOGNITION: /usr/lib/x86_64-linux-gnu/libpcl_recognition.so  
[8.212s] -- Found PCL_STEREO: /usr/lib/x86_64-linux-gnu/libpcl_stereo.so  
[8.213s] -- Found PCL_APPS: /usr/lib/x86_64-linux-gnu/libpcl_apps.so  
[8.214s] -- Found PCL_IN_HAND_SCANNER: /usr/include/pcl-1.12  
[8.215s] -- Found PCL_MODELER: /usr/include/pcl-1.12  
[8.216s] -- Found PCL_POINT_CLOUD_EDITOR: /usr/include/pcl-1.12  
[8.217s] -- Found PCL_OUTOFCORE: /usr/lib/x86_64-linux-gnu/libpcl_outofcore.so  
[8.218s] -- Found PCL_PEOPLE: /usr/lib/x86_64-linux-gnu/libpcl_people.so  
[8.333s] -- Found PkgConfig: /usr/bin/pkg-config (found version "0.29.2") 
[8.333s] -- Checking for module 'apr-1'
[8.381s] --   Found apr-1, version 1.7.0
[8.521s] -- APR include dirs: /usr/include/apr-1.0
[8.521s] -- APR libs: apr-1
[9.139s] -- Found ament_cmake_ros: 0.10.0 (/opt/ros/humble/share/ament_cmake_ros/cmake)
[9.599s] -- Using all available rosidl_typesupport_c: rosidl_typesupport_fastrtps_c;rosidl_typesupport_introspection_c
[10.111s] -- Using all available rosidl_typesupport_cpp: rosidl_typesupport_fastrtps_cpp;rosidl_typesupport_introspection_cpp
[10.148s] -- Found PythonInterp: /usr/bin/python3 (found suitable version "3.10.12", minimum required is "3.6") 
[10.155s] -- Found python_cmake_module: 0.10.0 (/opt/ros/humble/share/python_cmake_module/cmake)
[10.219s] -- Found PythonLibs: /usr/lib/x86_64-linux-gnu/libpython3.10.so (found suitable version "3.10.12", minimum required is "3.5") 
[10.219s] -- Using PYTHON_EXECUTABLE: /usr/bin/python3
[10.219s] -- Using PYTHON_INCLUDE_DIRS: /usr/include/python3.10
[10.219s] -- Using PYTHON_LIBRARIES: /usr/lib/x86_64-linux-gnu/libpython3.10.so
[10.272s] -- Found PythonExtra: .so  
[10.494s] -- Configuring done
[10.564s] [0mCMake Error: Cannot determine link language for target "livox_interfaces2__rosidl_generator_c".[0m
[10.572s] [0mCMake Error: CMake can not determine linker language for target: livox_interfaces2__rosidl_generator_c[0m
[10.580s] [0mCMake Error: Cannot determine link language for target "livox_interfaces2__rosidl_typesupport_introspection_c".[0m
[10.580s] [0mCMake Error: CMake can not determine linker language for target: livox_interfaces2__rosidl_typesupport_introspection_c[0m
[10.621s] [0mCMake Error: Cannot determine link language for target "livox_interfaces2__rosidl_generator_py".[0m
[10.622s] [0mCMake Error: CMake can not determine linker language for target: livox_interfaces2__rosidl_generator_py[0m
[10.627s] [0mCMake Error: Cannot determine link language for target "livox_ros_driver2__rosidl_typesupport_fastrtps_c__pyext".[0m
[10.628s] [0mCMake Error: CMake can not determine linker language for target: livox_ros_driver2__rosidl_typesupport_fastrtps_c__pyext[0m
[10.632s] [0mCMake Error: Cannot determine link language for target "livox_ros_driver2__rosidl_typesupport_introspection_c__pyext".[0m
[10.632s] [0mCMake Error: CMake can not determine linker language for target: livox_ros_driver2__rosidl_typesupport_introspection_c__pyext[0m
[10.636s] [0mCMake Error: Cannot determine link language for target "livox_ros_driver2__rosidl_typesupport_c__pyext".[0m
[10.636s] [0mCMake Error: CMake can not determine linker language for target: livox_ros_driver2__rosidl_typesupport_c__pyext[0m
[10.757s] [31mCMake Error in CMakeLists.txt:
[10.758s]   Exporting the target "livox_interfaces2__rosidl_generator_c" is not allowed
[10.758s]   since its linker language cannot be determined
[10.758s] 
[10.758s] [0m
[10.758s] [31mCMake Error in CMakeLists.txt:
[10.758s]   Exporting the target
[10.758s]   "livox_interfaces2__rosidl_typesupport_introspection_c" is not allowed
[10.758s]   since its linker language cannot be determined
[10.758s] 
[10.758s] [0m
[10.759s] [31mCMake Error in CMakeLists.txt:
[10.759s]   Exporting the target "livox_interfaces2__rosidl_generator_py" is not
[10.759s]   allowed since its linker language cannot be determined
[10.759s] 
[10.759s] [0m
[10.765s] -- Generating done
[10.773s] [33mCMake Warning:
[10.773s]   Manually-specified variables were not used by the project:
[10.773s] 
[10.773s]     HUMBLE_ROS
[10.774s]     ROS_EDITION
[10.774s] 
[10.774s] [0m
[10.774s] [0mCMake Generate step failed.  Build files cannot be regenerated correctly.[0m
[10.884s] Invoked command in '/home/niuniu/DT46_RM_Sentry/build/livox_ros_driver2' returned '1': CMAKE_PREFIX_PATH=${CMAKE_PREFIX_PATH}:/opt/ros/humble /usr/bin/cmake /home/niuniu/DT46_RM_Sentry/src/livox_ros_driver2 -DROS_EDITION=ROS2 -DHUMBLE_ROS=humble -DCMAKE_INSTALL_PREFIX=/home/niuniu/DT46_RM_Sentry/install/livox_ros_driver2
